<?xml version="1.0" encoding="UTF-8"?>
<!-- Generated by org.testng.reporters.JUnitReportReporter -->
<testsuite hostname="DESKTOP-RIONQTI" failures="0" tests="2" name="testCases.TC01_E2E_Test" time="7.902" errors="0" timestamp="2023-04-28T10:26:13 CAT" skipped="0">
  <testcase classname="testCases.TC01_E2E_Test" name="loginTest" time="6.686"/>
  <system-out/>
  <testcase classname="testCases.TC01_E2E_Test" name="tearDown" time="1.216"/>
  <system-out/>
</testsuite> <!-- testCases.TC01_E2E_Test -->
